  main.cpp
c:\users\sgal\documents\5th year\cs7gv6 - computer graphics\assignments\projects\project 1\lab 04 - sample object hierarchy\lab04\main.cpp(88): warning C4244: 'initializing': conversion from 'double' to 'float', possible loss of data
c:\users\sgal\documents\5th year\cs7gv6 - computer graphics\assignments\projects\project 1\lab 04 - sample object hierarchy\lab04\main.cpp(89): warning C4244: 'initializing': conversion from 'double' to 'float', possible loss of data
c:\users\sgal\documents\5th year\cs7gv6 - computer graphics\assignments\projects\project 1\lab 04 - sample object hierarchy\lab04\main.cpp(318): warning C4838: conversion from 'FT_Pos' to 'unsigned int' requires a narrowing conversion
c:\users\sgal\documents\5th year\cs7gv6 - computer graphics\assignments\projects\project 1\lab 04 - sample object hierarchy\lab04\main.cpp(555): warning C4018: '<': signed/unsigned mismatch
c:\users\sgal\documents\5th year\cs7gv6 - computer graphics\assignments\projects\project 1\lab 04 - sample object hierarchy\lab04\main.cpp(541): warning C4101: 'height': unreferenced local variable
c:\users\sgal\documents\5th year\cs7gv6 - computer graphics\assignments\projects\project 1\lab 04 - sample object hierarchy\lab04\main.cpp(541): warning C4101: 'nrChannels': unreferenced local variable
c:\users\sgal\documents\5th year\cs7gv6 - computer graphics\assignments\projects\project 1\lab 04 - sample object hierarchy\lab04\main.cpp(541): warning C4101: 'width': unreferenced local variable
c:\users\sgal\documents\5th year\cs7gv6 - computer graphics\assignments\projects\project 1\lab 04 - sample object hierarchy\lab04\main.cpp(542): warning C4101: 'data': unreferenced local variable
c:\users\sgal\documents\5th year\cs7gv6 - computer graphics\assignments\projects\project 1\lab 04 - sample object hierarchy\lab04\main.cpp(600): warning C4018: '<': signed/unsigned mismatch
c:\users\sgal\documents\5th year\cs7gv6 - computer graphics\assignments\projects\project 1\lab 04 - sample object hierarchy\lab04\main.cpp(596): warning C4101: 'height': unreferenced local variable
c:\users\sgal\documents\5th year\cs7gv6 - computer graphics\assignments\projects\project 1\lab 04 - sample object hierarchy\lab04\main.cpp(596): warning C4101: 'nrChannels': unreferenced local variable
c:\users\sgal\documents\5th year\cs7gv6 - computer graphics\assignments\projects\project 1\lab 04 - sample object hierarchy\lab04\main.cpp(596): warning C4101: 'width': unreferenced local variable
c:\users\sgal\documents\5th year\cs7gv6 - computer graphics\assignments\projects\project 1\lab 04 - sample object hierarchy\lab04\main.cpp(597): warning C4101: 'data': unreferenced local variable
c:\users\sgal\documents\5th year\cs7gv6 - computer graphics\assignments\projects\project 1\lab 04 - sample object hierarchy\lab04\main.cpp(910): warning C4554: '&': check operator precedence for possible error; use parentheses to clarify precedence
c:\users\sgal\documents\5th year\cs7gv6 - computer graphics\assignments\projects\project 1\lab 04 - sample object hierarchy\lab04\main.cpp(911): warning C4554: '&': check operator precedence for possible error; use parentheses to clarify precedence
c:\users\sgal\documents\5th year\cs7gv6 - computer graphics\assignments\projects\project 1\lab 04 - sample object hierarchy\lab04\main.cpp(912): warning C4554: '&': check operator precedence for possible error; use parentheses to clarify precedence
c:\users\sgal\documents\5th year\cs7gv6 - computer graphics\assignments\projects\project 1\lab 04 - sample object hierarchy\lab04\main.cpp(913): warning C4554: '&': check operator precedence for possible error; use parentheses to clarify precedence
c:\users\sgal\documents\5th year\cs7gv6 - computer graphics\assignments\projects\project 1\lab 04 - sample object hierarchy\lab04\main.cpp(1279): warning C4554: '&': check operator precedence for possible error; use parentheses to clarify precedence
c:\users\sgal\documents\5th year\cs7gv6 - computer graphics\assignments\projects\project 1\lab 04 - sample object hierarchy\lab04\main.cpp(1289): warning C4554: '&': check operator precedence for possible error; use parentheses to clarify precedence
c:\users\sgal\documents\5th year\cs7gv6 - computer graphics\assignments\projects\project 1\lab 04 - sample object hierarchy\lab04\main.cpp(1299): warning C4554: '&': check operator precedence for possible error; use parentheses to clarify precedence
c:\users\sgal\documents\5th year\cs7gv6 - computer graphics\assignments\projects\project 1\lab 04 - sample object hierarchy\lab04\main.cpp(1309): warning C4554: '&': check operator precedence for possible error; use parentheses to clarify precedence
c:\users\sgal\documents\5th year\cs7gv6 - computer graphics\assignments\projects\project 1\lab 04 - sample object hierarchy\lab04\main.cpp(1319): warning C4554: '&': check operator precedence for possible error; use parentheses to clarify precedence
c:\users\sgal\documents\5th year\cs7gv6 - computer graphics\assignments\projects\project 1\lab 04 - sample object hierarchy\lab04\main.cpp(1329): warning C4554: '&': check operator precedence for possible error; use parentheses to clarify precedence
c:\users\sgal\documents\5th year\cs7gv6 - computer graphics\assignments\projects\project 1\lab 04 - sample object hierarchy\lab04\main.cpp(1339): warning C4554: '&': check operator precedence for possible error; use parentheses to clarify precedence
c:\users\sgal\documents\5th year\cs7gv6 - computer graphics\assignments\projects\project 1\lab 04 - sample object hierarchy\lab04\main.cpp(1349): warning C4554: '&': check operator precedence for possible error; use parentheses to clarify precedence
c:\users\sgal\documents\5th year\cs7gv6 - computer graphics\assignments\projects\project 1\lab 04 - sample object hierarchy\lab04\main.cpp(1359): warning C4554: '&': check operator precedence for possible error; use parentheses to clarify precedence
c:\users\sgal\documents\5th year\cs7gv6 - computer graphics\assignments\projects\project 1\lab 04 - sample object hierarchy\lab04\main.cpp(1369): warning C4554: '&': check operator precedence for possible error; use parentheses to clarify precedence
c:\users\sgal\documents\5th year\cs7gv6 - computer graphics\assignments\projects\project 1\lab 04 - sample object hierarchy\lab04\main.cpp(1441): warning C4554: '&': check operator precedence for possible error; use parentheses to clarify precedence
c:\users\sgal\documents\5th year\cs7gv6 - computer graphics\assignments\projects\project 1\lab 04 - sample object hierarchy\lab04\main.cpp(1451): warning C4554: '&': check operator precedence for possible error; use parentheses to clarify precedence
c:\users\sgal\documents\5th year\cs7gv6 - computer graphics\assignments\projects\project 1\lab 04 - sample object hierarchy\lab04\main.cpp(1461): warning C4554: '&': check operator precedence for possible error; use parentheses to clarify precedence
c:\users\sgal\documents\5th year\cs7gv6 - computer graphics\assignments\projects\project 1\lab 04 - sample object hierarchy\lab04\main.cpp(1471): warning C4554: '&': check operator precedence for possible error; use parentheses to clarify precedence
c:\users\sgal\documents\5th year\cs7gv6 - computer graphics\assignments\projects\project 1\lab 04 - sample object hierarchy\lab04\main.cpp(1481): warning C4554: '&': check operator precedence for possible error; use parentheses to clarify precedence
c:\users\sgal\documents\5th year\cs7gv6 - computer graphics\assignments\projects\project 1\lab 04 - sample object hierarchy\lab04\main.cpp(705): warning C4101: 'proj_mat_location': unreferenced local variable
c:\users\sgal\documents\5th year\cs7gv6 - computer graphics\assignments\projects\project 1\lab 04 - sample object hierarchy\lab04\main.cpp(705): warning C4101: 'view_mat_location': unreferenced local variable
c:\users\sgal\documents\5th year\cs7gv6 - computer graphics\assignments\projects\project 1\lab 04 - sample object hierarchy\lab04\main.cpp(1674): warning C4244: '=': conversion from 'int' to 'float', possible loss of data
c:\users\sgal\documents\5th year\cs7gv6 - computer graphics\assignments\projects\project 1\lab 04 - sample object hierarchy\lab04\main.cpp(1675): warning C4244: '=': conversion from 'int' to 'float', possible loss of data
c:\users\sgal\documents\5th year\cs7gv6 - computer graphics\assignments\projects\project 1\lab 04 - sample object hierarchy\lab04\main.cpp(1681): warning C4244: '=': conversion from 'int' to 'float', possible loss of data
c:\users\sgal\documents\5th year\cs7gv6 - computer graphics\assignments\projects\project 1\lab 04 - sample object hierarchy\lab04\main.cpp(1682): warning C4244: '=': conversion from 'int' to 'float', possible loss of data
  maths_funcs.cpp
  Model.cpp
  Generating Code...
c:\users\sgal\documents\5th year\cs7gv6 - computer graphics\assignments\projects\project 1\lab 04 - sample object hierarchy\lab04\main.cpp(326): warning C4715: 'createFont': not all control paths return a value
  Lab04.vcxproj -> C:\Users\sgal\Documents\5th Year\CS7GV6 - Computer Graphics\Assignments\Projects\Project 1\Lab 04 - Sample Object Hierarchy\\build\executables\Debug\Lab 04.exe
